Build started 06/11/2015 16:23:44.
     1>Project "C:\Users\josea\Documents\GitHub\AEDA-Part1\AEDA-Part1\AEDA-Part1\AEDA-Part1.vcxproj" on node 2 (Build target(s)).
     1>ClCompile:
         C:\Program Files (x86)\Microsoft Visual Studio 12.0\VC\bin\CL.exe /c /ZI /nologo /W3 /WX- /sdl /Od /Oy- /D WIN32 /D _DEBUG /D _CONSOLE /D _LIB /D _UNICODE /D UNICODE /Gm /EHsc /RTC1 /MDd /GS /fp:precise /Zc:wchar_t /Zc:forScope /Fo"Debug\\" /Fd"Debug\vc120.pdb" /Gd /TP /analyze- /errorReport:prompt ..\..\Interface.cpp ..\..\Source.cpp
         Source.cpp
         Interface.cpp
         Generating Code...
     1>c:\users\josea\documents\github\aeda-part1\interface.cpp(60): warning C4715: 'firstScreen' : not all control paths return a value
       Link:
         C:\Program Files (x86)\Microsoft Visual Studio 12.0\VC\bin\link.exe /ERRORREPORT:PROMPT /OUT:"C:\Users\josea\Documents\GitHub\AEDA-Part1\AEDA-Part1\Debug\AEDA-Part1.exe" /INCREMENTAL /NOLOGO kernel32.lib user32.lib gdi32.lib winspool.lib comdlg32.lib advapi32.lib shell32.lib ole32.lib oleaut32.lib uuid.lib odbc32.lib odbccp32.lib /MANIFEST /MANIFESTUAC:"level='asInvoker' uiAccess='false'" /manifest:embed /DEBUG /PDB:"C:\Users\josea\Documents\GitHub\AEDA-Part1\AEDA-Part1\Debug\AEDA-Part1.pdb" /SUBSYSTEM:CONSOLE /TLBID:1 /DYNAMICBASE /NXCOMPAT /IMPLIB:"C:\Users\josea\Documents\GitHub\AEDA-Part1\AEDA-Part1\Debug\AEDA-Part1.lib" /MACHINE:X86 Debug\Camiao.obj
         Debug\Cliente.obj
         Debug\Empresa.obj
         Debug\Frota.obj
         Debug\Interface.obj
         Debug\Servico.obj
         Debug\Source.obj
     1>Interface.obj : error LNK2019: unresolved external symbol "void __cdecl editarClientes(class Empresa &)" (?editarClientes@@YAXAAVEmpresa@@@Z) referenced in function "void __cdecl menuPrincipal(class Empresa &)" (?menuPrincipal@@YAXAAVEmpresa@@@Z)
     1>Interface.obj : error LNK2019: unresolved external symbol "void __cdecl editarFrota(class Empresa &)" (?editarFrota@@YAXAAVEmpresa@@@Z) referenced in function "void __cdecl menuPrincipal(class Empresa &)" (?menuPrincipal@@YAXAAVEmpresa@@@Z)
     1>C:\Users\josea\Documents\GitHub\AEDA-Part1\AEDA-Part1\Debug\AEDA-Part1.exe : fatal error LNK1120: 2 unresolved externals
     1>Done Building Project "C:\Users\josea\Documents\GitHub\AEDA-Part1\AEDA-Part1\AEDA-Part1\AEDA-Part1.vcxproj" (Build target(s)) -- FAILED.

Build FAILED.

Time Elapsed 00:00:01.04
